<!DOCTYPE html>
<html>
<head>
<meta http-equiv="Content-Type" content="text/html; charset=utf-8"/>
<meta http-equiv="x-ua-compatible" content="IE=edge"/>
<title>Test results - Class com.qa.trello.BoardCreationTests</title>
<link href="../css/base-style.css" rel="stylesheet" type="text/css"/>
<link href="../css/style.css" rel="stylesheet" type="text/css"/>
<script src="../js/report.js" type="text/javascript"></script>
</head>
<body>
<div id="content">
<h1>Class com.qa.trello.BoardCreationTests</h1>
<div class="breadcrumbs">
<a href="../index.html">all</a> &gt; 
<a href="../packages/com.qa.trello.html">com.qa.trello</a> &gt; BoardCreationTests</div>
<div id="summary">
<table>
<tr>
<td>
<div class="summaryGroup">
<table>
<tr>
<td>
<div class="infoBox" id="tests">
<div class="counter">1</div>
<p>tests</p>
</div>
</td>
<td>
<div class="infoBox" id="failures">
<div class="counter">1</div>
<p>failures</p>
</div>
</td>
<td>
<div class="infoBox" id="ignored">
<div class="counter">0</div>
<p>ignored</p>
</div>
</td>
<td>
<div class="infoBox" id="duration">
<div class="counter">46.023s</div>
<p>duration</p>
</div>
</td>
</tr>
</table>
</div>
</td>
<td>
<div class="infoBox failures" id="successRate">
<div class="percent">0%</div>
<p>successful</p>
</div>
</td>
</tr>
</table>
</div>
<div id="tabs">
<ul class="tabLinks">
<li>
<a href="#tab0">Failed tests</a>
</li>
<li>
<a href="#tab1">Tests</a>
</li>
<li>
<a href="#tab2">Standard error</a>
</li>
</ul>
<div id="tab0" class="tab">
<h2>Failed tests</h2>
<div class="test">
<a name="testBoeardCreation"></a>
<h3 class="failures">testBoeardCreation</h3>
<span class="code">
<pre>org.openqa.selenium.TimeoutException: Expected condition failed: waiting for presence of element located by: By.name: add (tried for 20 second(s) with 500 milliseconds interval)
	at org.openqa.selenium.support.ui.WebDriverWait.timeoutException(WebDriverWait.java:95)
	at org.openqa.selenium.support.ui.FluentWait.until(FluentWait.java:272)
	at com.qa.trello.BoardCreationTests.click(BoardCreationTests.java:69)
	at com.qa.trello.BoardCreationTests.CreateBoard(BoardCreationTests.java:41)
	at com.qa.trello.BoardCreationTests.testBoeardCreation(BoardCreationTests.java:33)
	at sun.reflect.NativeMethodAccessorImpl.invoke0(Native Method)
	at sun.reflect.NativeMethodAccessorImpl.invoke(NativeMethodAccessorImpl.java:62)
	at sun.reflect.DelegatingMethodAccessorImpl.invoke(DelegatingMethodAccessorImpl.java:43)
	at java.lang.reflect.Method.invoke(Method.java:498)
	at org.testng.internal.MethodInvocationHelper.invokeMethod(MethodInvocationHelper.java:134)
	at org.testng.internal.TestInvoker.invokeMethod(TestInvoker.java:597)
	at org.testng.internal.TestInvoker.invokeTestMethod(TestInvoker.java:173)
	at org.testng.internal.MethodRunner.runInSequence(MethodRunner.java:46)
	at org.testng.internal.TestInvoker$MethodInvocationAgent.invoke(TestInvoker.java:816)
	at org.testng.internal.TestInvoker.invokeTestMethods(TestInvoker.java:146)
	at org.testng.internal.TestMethodWorker.invokeTestMethods(TestMethodWorker.java:146)
	at org.testng.internal.TestMethodWorker.run(TestMethodWorker.java:128)
	at java.util.ArrayList.forEach(ArrayList.java:1257)
	at org.testng.TestRunner.privateRun(TestRunner.java:766)
	at org.testng.TestRunner.run(TestRunner.java:587)
	at org.testng.SuiteRunner.runTest(SuiteRunner.java:384)
	at org.testng.SuiteRunner.runSequentially(SuiteRunner.java:378)
	at org.testng.SuiteRunner.privateRun(SuiteRunner.java:337)
	at org.testng.SuiteRunner.run(SuiteRunner.java:286)
	at org.testng.SuiteRunnerWorker.runSuite(SuiteRunnerWorker.java:53)
	at org.testng.SuiteRunnerWorker.run(SuiteRunnerWorker.java:96)
	at org.testng.TestNG.runSuitesSequentially(TestNG.java:1187)
	at org.testng.TestNG.runSuitesLocally(TestNG.java:1109)
	at org.testng.TestNG.runSuites(TestNG.java:1039)
	at org.testng.TestNG.run(TestNG.java:1007)
	at org.gradle.api.internal.tasks.testing.testng.TestNGTestClassProcessor.runTests(TestNGTestClassProcessor.java:141)
	at org.gradle.api.internal.tasks.testing.testng.TestNGTestClassProcessor.stop(TestNGTestClassProcessor.java:90)
	at org.gradle.api.internal.tasks.testing.SuiteTestClassProcessor.stop(SuiteTestClassProcessor.java:61)
	at sun.reflect.NativeMethodAccessorImpl.invoke0(Native Method)
	at sun.reflect.NativeMethodAccessorImpl.invoke(NativeMethodAccessorImpl.java:62)
	at sun.reflect.DelegatingMethodAccessorImpl.invoke(DelegatingMethodAccessorImpl.java:43)
	at java.lang.reflect.Method.invoke(Method.java:498)
	at org.gradle.internal.dispatch.ReflectionDispatch.dispatch(ReflectionDispatch.java:36)
	at org.gradle.internal.dispatch.ReflectionDispatch.dispatch(ReflectionDispatch.java:24)
	at org.gradle.internal.dispatch.ContextClassLoaderDispatch.dispatch(ContextClassLoaderDispatch.java:33)
	at org.gradle.internal.dispatch.ProxyDispatchAdapter$DispatchingInvocationHandler.invoke(ProxyDispatchAdapter.java:94)
	at com.sun.proxy.$Proxy2.stop(Unknown Source)
	at org.gradle.api.internal.tasks.testing.worker.TestWorker.stop(TestWorker.java:132)
	at sun.reflect.NativeMethodAccessorImpl.invoke0(Native Method)
	at sun.reflect.NativeMethodAccessorImpl.invoke(NativeMethodAccessorImpl.java:62)
	at sun.reflect.DelegatingMethodAccessorImpl.invoke(DelegatingMethodAccessorImpl.java:43)
	at java.lang.reflect.Method.invoke(Method.java:498)
	at org.gradle.internal.dispatch.ReflectionDispatch.dispatch(ReflectionDispatch.java:36)
	at org.gradle.internal.dispatch.ReflectionDispatch.dispatch(ReflectionDispatch.java:24)
	at org.gradle.internal.remote.internal.hub.MessageHubBackedObjectConnection$DispatchWrapper.dispatch(MessageHubBackedObjectConnection.java:182)
	at org.gradle.internal.remote.internal.hub.MessageHubBackedObjectConnection$DispatchWrapper.dispatch(MessageHubBackedObjectConnection.java:164)
	at org.gradle.internal.remote.internal.hub.MessageHub$Handler.run(MessageHub.java:412)
	at org.gradle.internal.concurrent.ExecutorPolicy$CatchAndRecordFailures.onExecute(ExecutorPolicy.java:64)
	at org.gradle.internal.concurrent.ManagedExecutorImpl$1.run(ManagedExecutorImpl.java:48)
	at java.util.concurrent.ThreadPoolExecutor.runWorker(ThreadPoolExecutor.java:1149)
	at java.util.concurrent.ThreadPoolExecutor$Worker.run(ThreadPoolExecutor.java:624)
	at org.gradle.internal.concurrent.ThreadFactoryImpl$ManagedThreadRunnable.run(ThreadFactoryImpl.java:56)
	at java.lang.Thread.run(Thread.java:748)
Caused by: org.openqa.selenium.NoSuchElementException: no such element: Unable to locate element: {&quot;method&quot;:&quot;css selector&quot;,&quot;selector&quot;:&quot;*[name='add']&quot;}
  (Session info: chrome=81.0.4044.92)
For documentation on this error, please visit: https://www.seleniumhq.org/exceptions/no_such_element.html
Build info: version: '3.141.59', revision: 'e82be7d358', time: '2018-11-14T08:17:03'
System info: host: 'DESKTOP-QU12992', ip: '192.168.1.11', os.name: 'Windows 10', os.arch: 'amd64', os.version: '10.0', java.version: '1.8.0_241'
Driver info: org.openqa.selenium.chrome.ChromeDriver
Capabilities {acceptInsecureCerts: false, browserName: chrome, browserVersion: 81.0.4044.92, chrome: {chromedriverVersion: 80.0.3987.106 (f68069574609..., userDataDir: C:\Users\User\AppData\Local...}, goog:chromeOptions: {debuggerAddress: localhost:63521}, javascriptEnabled: true, networkConnectionEnabled: false, pageLoadStrategy: normal, platform: WINDOWS, platformName: WINDOWS, proxy: Proxy(), setWindowRect: true, strictFileInteractability: false, timeouts: {implicit: 0, pageLoad: 300000, script: 30000}, unhandledPromptBehavior: dismiss and notify}
Session ID: aabffbaf51ae3da6ed9458f99a7c784f
*** Element info: {Using=name, value=add}
	at sun.reflect.NativeConstructorAccessorImpl.newInstance0(Native Method)
	at sun.reflect.NativeConstructorAccessorImpl.newInstance(NativeConstructorAccessorImpl.java:62)
	at sun.reflect.DelegatingConstructorAccessorImpl.newInstance(DelegatingConstructorAccessorImpl.java:45)
	at java.lang.reflect.Constructor.newInstance(Constructor.java:423)
	at org.openqa.selenium.remote.http.W3CHttpResponseCodec.createException(W3CHttpResponseCodec.java:187)
	at org.openqa.selenium.remote.http.W3CHttpResponseCodec.decode(W3CHttpResponseCodec.java:122)
	at org.openqa.selenium.remote.http.W3CHttpResponseCodec.decode(W3CHttpResponseCodec.java:49)
	at org.openqa.selenium.remote.HttpCommandExecutor.execute(HttpCommandExecutor.java:158)
	at org.openqa.selenium.remote.service.DriverCommandExecutor.execute(DriverCommandExecutor.java:83)
	at org.openqa.selenium.remote.RemoteWebDriver.execute(RemoteWebDriver.java:552)
	at org.openqa.selenium.remote.RemoteWebDriver.findElement(RemoteWebDriver.java:323)
	at org.openqa.selenium.remote.RemoteWebDriver.findElementByName(RemoteWebDriver.java:404)
	at org.openqa.selenium.By$ByName.findElement(By.java:284)
	at org.openqa.selenium.remote.RemoteWebDriver.findElement(RemoteWebDriver.java:315)
	at org.openqa.selenium.support.ui.ExpectedConditions$6.apply(ExpectedConditions.java:182)
	at org.openqa.selenium.support.ui.ExpectedConditions$6.apply(ExpectedConditions.java:179)
	at org.openqa.selenium.support.ui.FluentWait.until(FluentWait.java:249)
	... 56 more
</pre>
</span>
</div>
</div>
<div id="tab1" class="tab">
<h2>Tests</h2>
<table>
<thead>
<tr>
<th>Test</th>
<th>Duration</th>
<th>Result</th>
</tr>
</thead>
<tr>
<td class="failures">testBoeardCreation</td>
<td class="failures">46.023s</td>
<td class="failures">failed</td>
</tr>
</table>
</div>
<div id="tab2" class="tab">
<h2>Standard error</h2>
<span class="code">
<pre>Starting ChromeDriver 80.0.3987.106 (f68069574609230cf9b635cd784cfb1bf81bb53a-refs/branch-heads/3987@{#882}) on port 33569
Only local connections are allowed.
Please protect ports used by ChromeDriver and related test frameworks to prevent access by malicious code.
[1586788905.417][WARNING]: This version of ChromeDriver has not been tested with Chrome version 81.
[1586788907.439][WARNING]: Timed out connecting to Chrome, retrying...
Apr 13, 2020 5:41:49 PM org.openqa.selenium.remote.ProtocolHandshake createSession
INFO: Detected dialect: W3C
[1586788911.959][WARNING]: Timed out connecting to Chrome, retrying...
[1586788915.148][SEVERE]: Timed out receiving message from renderer: 0.100
[1586788915.255][SEVERE]: Timed out receiving message from renderer: 0.100
[1586788915.362][SEVERE]: Timed out receiving message from renderer: 0.100
[1586788915.472][SEVERE]: Timed out receiving message from renderer: 0.100
[1586788915.574][SEVERE]: Timed out receiving message from renderer: 0.100
[1586788915.677][SEVERE]: Timed out receiving message from renderer: 0.100
[1586788916.876][SEVERE]: Timed out receiving message from renderer: 0.100
[1586788917.175][SEVERE]: Timed out receiving message from renderer: 0.100
[1586788918.877][SEVERE]: Timed out receiving message from renderer: 0.100
[1586788919.630][SEVERE]: Timed out receiving message from renderer: 0.100
[1586788919.885][SEVERE]: Timed out receiving message from renderer: 0.100
[1586788919.991][SEVERE]: Timed out receiving message from renderer: 0.100
[1586788920.093][SEVERE]: Timed out receiving message from renderer: 0.100
[1586788920.195][SEVERE]: Timed out receiving message from renderer: 0.100
[1586788920.298][SEVERE]: Timed out receiving message from renderer: 0.100
[1586788920.570][SEVERE]: Timed out receiving message from renderer: 0.100
[1586788920.673][SEVERE]: Timed out receiving message from renderer: 0.100
[1586788920.836][SEVERE]: Timed out receiving message from renderer: 0.100
[1586788921.059][SEVERE]: Timed out receiving message from renderer: 0.100
[1586788921.162][SEVERE]: Timed out receiving message from renderer: 0.100
[1586788921.264][SEVERE]: Timed out receiving message from renderer: 0.100
[1586788921.373][SEVERE]: Timed out receiving message from renderer: 0.100
[1586788921.478][SEVERE]: Timed out receiving message from renderer: 0.100
[1586788921.583][SEVERE]: Timed out receiving message from renderer: 0.100
[1586788921.686][SEVERE]: Timed out receiving message from renderer: 0.100
[1586788921.885][SEVERE]: Timed out receiving message from renderer: 0.100
[1586788921.992][SEVERE]: Timed out receiving message from renderer: 0.100
[1586788922.094][SEVERE]: Timed out receiving message from renderer: 0.100
[1586788922.196][SEVERE]: Timed out receiving message from renderer: 0.100
[1586788922.300][SEVERE]: Timed out receiving message from renderer: 0.100
[1586788923.764][SEVERE]: Timed out receiving message from renderer: 0.100
[1586788924.274][SEVERE]: Timed out receiving message from renderer: 0.100
[1586788924.489][SEVERE]: Timed out receiving message from renderer: 0.100
[1586788924.609][SEVERE]: Timed out receiving message from renderer: 0.100
[1586788924.713][SEVERE]: Timed out receiving message from renderer: 0.100
[1586788924.816][SEVERE]: Timed out receiving message from renderer: 0.100
[1586788926.144][SEVERE]: Timed out receiving message from renderer: 0.100
[1586788926.248][SEVERE]: Timed out receiving message from renderer: 0.100
[1586788926.350][SEVERE]: Timed out receiving message from renderer: 0.100
[1586788931.287][SEVERE]: Timed out receiving message from renderer: 0.100
[1586788931.552][SEVERE]: Timed out receiving message from renderer: 0.100
[1586788931.654][SEVERE]: Timed out receiving message from renderer: 0.100
[1586788931.757][SEVERE]: Timed out receiving message from renderer: 0.100
[1586788931.870][SEVERE]: Timed out receiving message from renderer: 0.100
[1586788931.984][SEVERE]: Timed out receiving message from renderer: 0.100
[1586788932.090][SEVERE]: Timed out receiving message from renderer: 0.100
[1586788932.194][SEVERE]: Timed out receiving message from renderer: 0.100
[1586788932.296][SEVERE]: Timed out receiving message from renderer: 0.100
[1586788932.403][SEVERE]: Timed out receiving message from renderer: 0.100
[1586788934.033][SEVERE]: Timed out receiving message from renderer: 0.100
[1586788935.744][SEVERE]: Timed out receiving message from renderer: 0.100
[1586788935.867][SEVERE]: Timed out receiving message from renderer: 0.100
[1586788936.508][SEVERE]: Timed out receiving message from renderer: 0.100
[1586788936.628][SEVERE]: Timed out receiving message from renderer: 0.100
[1586788936.744][SEVERE]: Timed out receiving message from renderer: 0.100
[1586788936.870][SEVERE]: Timed out receiving message from renderer: 0.100
</pre>
</span>
</div>
</div>
<div id="footer">
<p>
<div>
<label class="hidden" id="label-for-line-wrapping-toggle" for="line-wrapping-toggle">Wrap lines
<input id="line-wrapping-toggle" type="checkbox" autocomplete="off"/>
</label>
</div>Generated by 
<a href="http://www.gradle.org">Gradle 6.1</a> at Apr 13, 2020 5:42:49 PM</p>
</div>
</div>
</body>
</html>
